<?xml version="1.0" encoding="UTF-8"?>
<robot generator="Robot 6.1.1 (Python 3.10.12 on linux)" generated="20241118 15:47:46.433" rpa="false" schemaversion="4">
<suite id="s1" name="Register" source="/home/sansilla/palautusrepositorio/viikko3/web-login/src/tests/register.robot">
<kw name="Open And Configure Browser" library="resource" type="SETUP">
<if>
<branch type="IF" condition="$BROWSER == 'chrome'">
<kw name="Evaluate" library="BuiltIn">
<var>${options}</var>
<arg>sys.modules['selenium.webdriver'].ChromeOptions()</arg>
<arg>sys</arg>
<doc>Evaluates the given expression in Python and returns the result.</doc>
<msg timestamp="20241118 15:47:46.597" level="INFO">${options} = &lt;selenium.webdriver.chrome.options.Options object at 0x720d640b3220&gt;</msg>
<status status="PASS" starttime="20241118 15:47:46.597" endtime="20241118 15:47:46.597"/>
</kw>
<status status="PASS" starttime="20241118 15:47:46.583" endtime="20241118 15:47:46.597"/>
</branch>
<branch type="ELSE IF" condition="$BROWSER == 'firefox'">
<kw name="Evaluate" library="BuiltIn">
<var>${options}</var>
<arg>sys.modules['selenium.webdriver'].FirefoxOptions()</arg>
<arg>sys</arg>
<doc>Evaluates the given expression in Python and returns the result.</doc>
<status status="NOT RUN" starttime="20241118 15:47:46.597" endtime="20241118 15:47:46.598"/>
</kw>
<status status="NOT RUN" starttime="20241118 15:47:46.597" endtime="20241118 15:47:46.598"/>
</branch>
<status status="PASS" starttime="20241118 15:47:46.583" endtime="20241118 15:47:46.598"/>
</if>
<if>
<branch type="IF" condition="$HEADLESS == 'true'">
<kw name="Set Selenium Speed" library="SeleniumLibrary">
<arg>0</arg>
<doc>Sets the delay that is waited after each Selenium command.</doc>
<status status="NOT RUN" starttime="20241118 15:47:46.598" endtime="20241118 15:47:46.598"/>
</kw>
<kw name="Call Method" library="BuiltIn">
<arg>${options}</arg>
<arg>add_argument</arg>
<arg>--headless</arg>
<doc>Calls the named method of the given object with the provided arguments.</doc>
<status status="NOT RUN" starttime="20241118 15:47:46.598" endtime="20241118 15:47:46.598"/>
</kw>
<status status="NOT RUN" starttime="20241118 15:47:46.598" endtime="20241118 15:47:46.598"/>
</branch>
<branch type="ELSE">
<kw name="Set Selenium Speed" library="SeleniumLibrary">
<arg>${DELAY}</arg>
<doc>Sets the delay that is waited after each Selenium command.</doc>
<status status="PASS" starttime="20241118 15:47:46.598" endtime="20241118 15:47:46.598"/>
</kw>
<status status="PASS" starttime="20241118 15:47:46.598" endtime="20241118 15:47:46.598"/>
</branch>
<status status="PASS" starttime="20241118 15:47:46.598" endtime="20241118 15:47:46.598"/>
</if>
<kw name="Open Browser" library="SeleniumLibrary">
<arg>browser=${BROWSER}</arg>
<arg>options=${options}</arg>
<doc>Opens a new browser instance to the optional ``url``.</doc>
<msg timestamp="20241118 15:47:46.599" level="INFO">Opening browser 'chrome' to base url 'None'.</msg>
<msg timestamp="20241118 15:47:46.632" level="WARN">The chromedriver version (130.0.6723.91) detected in PATH at /usr/bin/chromedriver might not be compatible with the detected chrome version (131.0.6778.69); currently, chromedriver 131.0.6778.69 is recommended for chrome 131.*, so it is advised to delete the driver in PATH and retry</msg>
<status status="PASS" starttime="20241118 15:47:46.598" endtime="20241118 15:47:46.981"/>
</kw>
<status status="PASS" starttime="20241118 15:47:46.583" endtime="20241118 15:47:46.981"/>
</kw>
<test id="s1-t1" name="Register With Valid Username And Password" line="9">
<kw name="Reset Application Create User And Go To Register Page" type="SETUP">
<kw name="Reset Application" library="AppLibrary">
<status status="PASS" starttime="20241118 15:47:46.982" endtime="20241118 15:47:46.985"/>
</kw>
<kw name="Create User" library="AppLibrary">
<arg>kalle</arg>
<arg>kalle123</arg>
<status status="PASS" starttime="20241118 15:47:46.985" endtime="20241118 15:47:46.998"/>
</kw>
<kw name="Go To Register Page" library="resource">
<kw name="Go To" library="SeleniumLibrary">
<arg>${REGISTER_URL}</arg>
<doc>Navigates the current browser window to the provided ``url``.</doc>
<msg timestamp="20241118 15:47:46.999" level="INFO">Opening url 'http://localhost:5001/register'</msg>
<status status="PASS" starttime="20241118 15:47:46.998" endtime="20241118 15:47:47.539"/>
</kw>
<status status="PASS" starttime="20241118 15:47:46.998" endtime="20241118 15:47:47.539"/>
</kw>
<status status="PASS" starttime="20241118 15:47:46.982" endtime="20241118 15:47:47.539"/>
</kw>
<kw name="Set Username">
<arg>kissa</arg>
<kw name="Input Text" library="SeleniumLibrary">
<arg>username</arg>
<arg>${username}</arg>
<doc>Types the given ``text`` into the text field identified by ``locator``.</doc>
<msg timestamp="20241118 15:47:47.541" level="INFO">Typing text 'kissa' into text field 'username'.</msg>
<status status="PASS" starttime="20241118 15:47:47.540" endtime="20241118 15:47:49.136"/>
</kw>
<status status="PASS" starttime="20241118 15:47:47.540" endtime="20241118 15:47:49.137"/>
</kw>
<kw name="Set Password">
<arg>kissa123</arg>
<kw name="Input Password" library="SeleniumLibrary">
<arg>password</arg>
<arg>${password}</arg>
<doc>Types the given password into the text field identified by ``locator``.</doc>
<msg timestamp="20241118 15:47:49.139" level="INFO">Typing password into text field 'password'.</msg>
<msg timestamp="20241118 15:47:50.181" level="INFO">Temporally setting log level to: NONE</msg>
<msg timestamp="20241118 15:47:50.715" level="INFO">Log level changed from NONE to INFO.</msg>
<status status="PASS" starttime="20241118 15:47:49.138" endtime="20241118 15:47:50.715"/>
</kw>
<status status="PASS" starttime="20241118 15:47:49.137" endtime="20241118 15:47:50.716"/>
</kw>
<kw name="Set Password Confirmation">
<arg>kissa123</arg>
<kw name="Input Password" library="SeleniumLibrary">
<arg>password_confirmation</arg>
<arg>${password}</arg>
<doc>Types the given password into the text field identified by ``locator``.</doc>
<msg timestamp="20241118 15:47:50.717" level="INFO">Typing password into text field 'password_confirmation'.</msg>
<msg timestamp="20241118 15:47:51.758" level="INFO">Temporally setting log level to: NONE</msg>
<msg timestamp="20241118 15:47:52.291" level="INFO">Log level changed from NONE to INFO.</msg>
<status status="PASS" starttime="20241118 15:47:50.717" endtime="20241118 15:47:52.291"/>
</kw>
<status status="PASS" starttime="20241118 15:47:50.716" endtime="20241118 15:47:52.292"/>
</kw>
<kw name="Submit Credentials">
<kw name="Click Button" library="SeleniumLibrary">
<arg>Register</arg>
<doc>Clicks the button identified by ``locator``.</doc>
<msg timestamp="20241118 15:47:52.293" level="INFO">Clicking button 'Register'.</msg>
<status status="PASS" starttime="20241118 15:47:52.292" endtime="20241118 15:47:54.375"/>
</kw>
<status status="PASS" starttime="20241118 15:47:52.292" endtime="20241118 15:47:54.376"/>
</kw>
<kw name="Register Should Succeed">
<kw name="Welcome Page Should Be Open" library="resource">
<kw name="Title Should Be" library="SeleniumLibrary">
<arg>Welcome to Ohtu Application!</arg>
<doc>Verifies that the current page title equals ``title``.</doc>
<msg timestamp="20241118 15:47:54.887" level="INFO">Page title is 'Welcome to Ohtu Application!'.</msg>
<status status="PASS" starttime="20241118 15:47:54.377" endtime="20241118 15:47:54.887"/>
</kw>
<status status="PASS" starttime="20241118 15:47:54.377" endtime="20241118 15:47:54.887"/>
</kw>
<status status="PASS" starttime="20241118 15:47:54.376" endtime="20241118 15:47:54.887"/>
</kw>
<status status="PASS" starttime="20241118 15:47:46.981" endtime="20241118 15:47:54.888"/>
</test>
<test id="s1-t2" name="Register With Too Short Username And Valid Password" line="16">
<kw name="Reset Application Create User And Go To Register Page" type="SETUP">
<kw name="Reset Application" library="AppLibrary">
<status status="PASS" starttime="20241118 15:47:54.890" endtime="20241118 15:47:54.892"/>
</kw>
<kw name="Create User" library="AppLibrary">
<arg>kalle</arg>
<arg>kalle123</arg>
<status status="PASS" starttime="20241118 15:47:54.892" endtime="20241118 15:47:54.896"/>
</kw>
<kw name="Go To Register Page" library="resource">
<kw name="Go To" library="SeleniumLibrary">
<arg>${REGISTER_URL}</arg>
<doc>Navigates the current browser window to the provided ``url``.</doc>
<msg timestamp="20241118 15:47:54.897" level="INFO">Opening url 'http://localhost:5001/register'</msg>
<status status="PASS" starttime="20241118 15:47:54.897" endtime="20241118 15:47:55.414"/>
</kw>
<status status="PASS" starttime="20241118 15:47:54.897" endtime="20241118 15:47:55.415"/>
</kw>
<status status="PASS" starttime="20241118 15:47:54.889" endtime="20241118 15:47:55.415"/>
</kw>
<kw name="Set Username">
<arg>ki</arg>
<kw name="Input Text" library="SeleniumLibrary">
<arg>username</arg>
<arg>${username}</arg>
<doc>Types the given ``text`` into the text field identified by ``locator``.</doc>
<msg timestamp="20241118 15:47:55.417" level="INFO">Typing text 'ki' into text field 'username'.</msg>
<status status="PASS" starttime="20241118 15:47:55.416" endtime="20241118 15:47:56.985"/>
</kw>
<status status="PASS" starttime="20241118 15:47:55.415" endtime="20241118 15:47:56.985"/>
</kw>
<kw name="Set Password">
<arg>kissa123</arg>
<kw name="Input Password" library="SeleniumLibrary">
<arg>password</arg>
<arg>${password}</arg>
<doc>Types the given password into the text field identified by ``locator``.</doc>
<msg timestamp="20241118 15:47:56.987" level="INFO">Typing password into text field 'password'.</msg>
<msg timestamp="20241118 15:47:58.016" level="INFO">Temporally setting log level to: NONE</msg>
<msg timestamp="20241118 15:47:58.551" level="INFO">Log level changed from NONE to INFO.</msg>
<status status="PASS" starttime="20241118 15:47:56.986" endtime="20241118 15:47:58.552"/>
</kw>
<status status="PASS" starttime="20241118 15:47:56.985" endtime="20241118 15:47:58.552"/>
</kw>
<kw name="Set Password Confirmation">
<arg>kissa123</arg>
<kw name="Input Password" library="SeleniumLibrary">
<arg>password_confirmation</arg>
<arg>${password}</arg>
<doc>Types the given password into the text field identified by ``locator``.</doc>
<msg timestamp="20241118 15:47:58.553" level="INFO">Typing password into text field 'password_confirmation'.</msg>
<msg timestamp="20241118 15:47:59.589" level="INFO">Temporally setting log level to: NONE</msg>
<msg timestamp="20241118 15:48:00.125" level="INFO">Log level changed from NONE to INFO.</msg>
<status status="PASS" starttime="20241118 15:47:58.553" endtime="20241118 15:48:00.125"/>
</kw>
<status status="PASS" starttime="20241118 15:47:58.552" endtime="20241118 15:48:00.126"/>
</kw>
<kw name="Submit Credentials">
<kw name="Click Button" library="SeleniumLibrary">
<arg>Register</arg>
<doc>Clicks the button identified by ``locator``.</doc>
<msg timestamp="20241118 15:48:00.127" level="INFO">Clicking button 'Register'.</msg>
<status status="PASS" starttime="20241118 15:48:00.127" endtime="20241118 15:48:02.185"/>
</kw>
<status status="PASS" starttime="20241118 15:48:00.126" endtime="20241118 15:48:02.185"/>
</kw>
<kw name="Register Should Fail With Message">
<arg>Username too short</arg>
<kw name="Register Page Should Be Open" library="resource">
<kw name="Title Should Be" library="SeleniumLibrary">
<arg>Register</arg>
<doc>Verifies that the current page title equals ``title``.</doc>
<msg timestamp="20241118 15:48:02.694" level="INFO">Page title is 'Register'.</msg>
<status status="PASS" starttime="20241118 15:48:02.187" endtime="20241118 15:48:02.694"/>
</kw>
<status status="PASS" starttime="20241118 15:48:02.186" endtime="20241118 15:48:02.694"/>
</kw>
<kw name="Page Should Contain" library="SeleniumLibrary">
<arg>${message}</arg>
<doc>Verifies that current page contains ``text``.</doc>
<msg timestamp="20241118 15:48:03.718" level="INFO">Current page contains text 'Username too short'.</msg>
<status status="PASS" starttime="20241118 15:48:02.694" endtime="20241118 15:48:03.719"/>
</kw>
<status status="PASS" starttime="20241118 15:48:02.186" endtime="20241118 15:48:03.719"/>
</kw>
<status status="PASS" starttime="20241118 15:47:54.889" endtime="20241118 15:48:03.719"/>
</test>
<test id="s1-t3" name="Register With Valid Username And Too Short Password" line="23">
<kw name="Reset Application Create User And Go To Register Page" type="SETUP">
<kw name="Reset Application" library="AppLibrary">
<status status="PASS" starttime="20241118 15:48:03.722" endtime="20241118 15:48:03.727"/>
</kw>
<kw name="Create User" library="AppLibrary">
<arg>kalle</arg>
<arg>kalle123</arg>
<status status="PASS" starttime="20241118 15:48:03.727" endtime="20241118 15:48:03.735"/>
</kw>
<kw name="Go To Register Page" library="resource">
<kw name="Go To" library="SeleniumLibrary">
<arg>${REGISTER_URL}</arg>
<doc>Navigates the current browser window to the provided ``url``.</doc>
<msg timestamp="20241118 15:48:03.735" level="INFO">Opening url 'http://localhost:5001/register'</msg>
<status status="PASS" starttime="20241118 15:48:03.735" endtime="20241118 15:48:04.250"/>
</kw>
<status status="PASS" starttime="20241118 15:48:03.735" endtime="20241118 15:48:04.251"/>
</kw>
<status status="PASS" starttime="20241118 15:48:03.721" endtime="20241118 15:48:04.251"/>
</kw>
<kw name="Set Username">
<arg>kissa</arg>
<kw name="Input Text" library="SeleniumLibrary">
<arg>username</arg>
<arg>${username}</arg>
<doc>Types the given ``text`` into the text field identified by ``locator``.</doc>
<msg timestamp="20241118 15:48:04.253" level="INFO">Typing text 'kissa' into text field 'username'.</msg>
<status status="PASS" starttime="20241118 15:48:04.252" endtime="20241118 15:48:05.822"/>
</kw>
<status status="PASS" starttime="20241118 15:48:04.251" endtime="20241118 15:48:05.822"/>
</kw>
<kw name="Set Password">
<arg>kissa1</arg>
<kw name="Input Password" library="SeleniumLibrary">
<arg>password</arg>
<arg>${password}</arg>
<doc>Types the given password into the text field identified by ``locator``.</doc>
<msg timestamp="20241118 15:48:05.824" level="INFO">Typing password into text field 'password'.</msg>
<msg timestamp="20241118 15:48:06.858" level="INFO">Temporally setting log level to: NONE</msg>
<msg timestamp="20241118 15:48:07.389" level="INFO">Log level changed from NONE to INFO.</msg>
<status status="PASS" starttime="20241118 15:48:05.823" endtime="20241118 15:48:07.389"/>
</kw>
<status status="PASS" starttime="20241118 15:48:05.823" endtime="20241118 15:48:07.390"/>
</kw>
<kw name="Set Password Confirmation">
<arg>kissa1</arg>
<kw name="Input Password" library="SeleniumLibrary">
<arg>password_confirmation</arg>
<arg>${password}</arg>
<doc>Types the given password into the text field identified by ``locator``.</doc>
<msg timestamp="20241118 15:48:07.391" level="INFO">Typing password into text field 'password_confirmation'.</msg>
<msg timestamp="20241118 15:48:08.420" level="INFO">Temporally setting log level to: NONE</msg>
<msg timestamp="20241118 15:48:08.949" level="INFO">Log level changed from NONE to INFO.</msg>
<status status="PASS" starttime="20241118 15:48:07.390" endtime="20241118 15:48:08.949"/>
</kw>
<status status="PASS" starttime="20241118 15:48:07.390" endtime="20241118 15:48:08.949"/>
</kw>
<kw name="Submit Credentials">
<kw name="Click Button" library="SeleniumLibrary">
<arg>Register</arg>
<doc>Clicks the button identified by ``locator``.</doc>
<msg timestamp="20241118 15:48:08.951" level="INFO">Clicking button 'Register'.</msg>
<status status="PASS" starttime="20241118 15:48:08.950" endtime="20241118 15:48:11.017"/>
</kw>
<status status="PASS" starttime="20241118 15:48:08.950" endtime="20241118 15:48:11.017"/>
</kw>
<kw name="Register Should Fail With Message">
<arg>Password too short</arg>
<kw name="Register Page Should Be Open" library="resource">
<kw name="Title Should Be" library="SeleniumLibrary">
<arg>Register</arg>
<doc>Verifies that the current page title equals ``title``.</doc>
<msg timestamp="20241118 15:48:11.527" level="INFO">Page title is 'Register'.</msg>
<status status="PASS" starttime="20241118 15:48:11.019" endtime="20241118 15:48:11.527"/>
</kw>
<status status="PASS" starttime="20241118 15:48:11.018" endtime="20241118 15:48:11.527"/>
</kw>
<kw name="Page Should Contain" library="SeleniumLibrary">
<arg>${message}</arg>
<doc>Verifies that current page contains ``text``.</doc>
<msg timestamp="20241118 15:48:12.555" level="INFO">Current page contains text 'Password too short'.</msg>
<status status="PASS" starttime="20241118 15:48:11.528" endtime="20241118 15:48:12.555"/>
</kw>
<status status="PASS" starttime="20241118 15:48:11.018" endtime="20241118 15:48:12.556"/>
</kw>
<status status="PASS" starttime="20241118 15:48:03.720" endtime="20241118 15:48:12.556"/>
</test>
<test id="s1-t4" name="Register With Valid Username And Invalid Password" line="30">
<kw name="Reset Application Create User And Go To Register Page" type="SETUP">
<kw name="Reset Application" library="AppLibrary">
<status status="PASS" starttime="20241118 15:48:12.557" endtime="20241118 15:48:12.561"/>
</kw>
<kw name="Create User" library="AppLibrary">
<arg>kalle</arg>
<arg>kalle123</arg>
<status status="PASS" starttime="20241118 15:48:12.561" endtime="20241118 15:48:12.567"/>
</kw>
<kw name="Go To Register Page" library="resource">
<kw name="Go To" library="SeleniumLibrary">
<arg>${REGISTER_URL}</arg>
<doc>Navigates the current browser window to the provided ``url``.</doc>
<msg timestamp="20241118 15:48:12.567" level="INFO">Opening url 'http://localhost:5001/register'</msg>
<status status="PASS" starttime="20241118 15:48:12.567" endtime="20241118 15:48:13.086"/>
</kw>
<status status="PASS" starttime="20241118 15:48:12.567" endtime="20241118 15:48:13.086"/>
</kw>
<status status="PASS" starttime="20241118 15:48:12.557" endtime="20241118 15:48:13.086"/>
</kw>
<kw name="Set Username">
<arg>kissa</arg>
<kw name="Input Text" library="SeleniumLibrary">
<arg>username</arg>
<arg>${username}</arg>
<doc>Types the given ``text`` into the text field identified by ``locator``.</doc>
<msg timestamp="20241118 15:48:13.087" level="INFO">Typing text 'kissa' into text field 'username'.</msg>
<status status="PASS" starttime="20241118 15:48:13.086" endtime="20241118 15:48:14.646"/>
</kw>
<status status="PASS" starttime="20241118 15:48:13.086" endtime="20241118 15:48:14.647"/>
</kw>
<kw name="Set Password">
<arg>kisssssa</arg>
<kw name="Input Password" library="SeleniumLibrary">
<arg>password</arg>
<arg>${password}</arg>
<doc>Types the given password into the text field identified by ``locator``.</doc>
<msg timestamp="20241118 15:48:14.649" level="INFO">Typing password into text field 'password'.</msg>
<msg timestamp="20241118 15:48:15.681" level="INFO">Temporally setting log level to: NONE</msg>
<msg timestamp="20241118 15:48:16.218" level="INFO">Log level changed from NONE to INFO.</msg>
<status status="PASS" starttime="20241118 15:48:14.648" endtime="20241118 15:48:16.218"/>
</kw>
<status status="PASS" starttime="20241118 15:48:14.647" endtime="20241118 15:48:16.218"/>
</kw>
<kw name="Set Password Confirmation">
<arg>kisssssa</arg>
<kw name="Input Password" library="SeleniumLibrary">
<arg>password_confirmation</arg>
<arg>${password}</arg>
<doc>Types the given password into the text field identified by ``locator``.</doc>
<msg timestamp="20241118 15:48:16.219" level="INFO">Typing password into text field 'password_confirmation'.</msg>
<msg timestamp="20241118 15:48:17.251" level="INFO">Temporally setting log level to: NONE</msg>
<msg timestamp="20241118 15:48:17.784" level="INFO">Log level changed from NONE to INFO.</msg>
<status status="PASS" starttime="20241118 15:48:16.219" endtime="20241118 15:48:17.785"/>
</kw>
<status status="PASS" starttime="20241118 15:48:16.219" endtime="20241118 15:48:17.785"/>
</kw>
<kw name="Submit Credentials">
<kw name="Click Button" library="SeleniumLibrary">
<arg>Register</arg>
<doc>Clicks the button identified by ``locator``.</doc>
<msg timestamp="20241118 15:48:17.787" level="INFO">Clicking button 'Register'.</msg>
<status status="PASS" starttime="20241118 15:48:17.786" endtime="20241118 15:48:19.853"/>
</kw>
<status status="PASS" starttime="20241118 15:48:17.785" endtime="20241118 15:48:19.853"/>
</kw>
<kw name="Register Should Fail With Message">
<arg>Password must contain letters and numbers</arg>
<kw name="Register Page Should Be Open" library="resource">
<kw name="Title Should Be" library="SeleniumLibrary">
<arg>Register</arg>
<doc>Verifies that the current page title equals ``title``.</doc>
<msg timestamp="20241118 15:48:20.364" level="INFO">Page title is 'Register'.</msg>
<status status="PASS" starttime="20241118 15:48:19.855" endtime="20241118 15:48:20.364"/>
</kw>
<status status="PASS" starttime="20241118 15:48:19.854" endtime="20241118 15:48:20.364"/>
</kw>
<kw name="Page Should Contain" library="SeleniumLibrary">
<arg>${message}</arg>
<doc>Verifies that current page contains ``text``.</doc>
<msg timestamp="20241118 15:48:21.387" level="INFO">Current page contains text 'Password must contain letters and numbers'.</msg>
<status status="PASS" starttime="20241118 15:48:20.365" endtime="20241118 15:48:21.388"/>
</kw>
<status status="PASS" starttime="20241118 15:48:19.854" endtime="20241118 15:48:21.388"/>
</kw>
<status status="PASS" starttime="20241118 15:48:12.556" endtime="20241118 15:48:21.388"/>
</test>
<test id="s1-t5" name="Register With Nonmatching Password And Password Confirmation" line="37">
<kw name="Reset Application Create User And Go To Register Page" type="SETUP">
<kw name="Reset Application" library="AppLibrary">
<status status="PASS" starttime="20241118 15:48:21.390" endtime="20241118 15:48:21.396"/>
</kw>
<kw name="Create User" library="AppLibrary">
<arg>kalle</arg>
<arg>kalle123</arg>
<status status="PASS" starttime="20241118 15:48:21.396" endtime="20241118 15:48:21.406"/>
</kw>
<kw name="Go To Register Page" library="resource">
<kw name="Go To" library="SeleniumLibrary">
<arg>${REGISTER_URL}</arg>
<doc>Navigates the current browser window to the provided ``url``.</doc>
<msg timestamp="20241118 15:48:21.407" level="INFO">Opening url 'http://localhost:5001/register'</msg>
<status status="PASS" starttime="20241118 15:48:21.407" endtime="20241118 15:48:21.930"/>
</kw>
<status status="PASS" starttime="20241118 15:48:21.406" endtime="20241118 15:48:21.930"/>
</kw>
<status status="PASS" starttime="20241118 15:48:21.390" endtime="20241118 15:48:21.930"/>
</kw>
<kw name="Set Username">
<arg>kissa</arg>
<kw name="Input Text" library="SeleniumLibrary">
<arg>username</arg>
<arg>${username}</arg>
<doc>Types the given ``text`` into the text field identified by ``locator``.</doc>
<msg timestamp="20241118 15:48:21.932" level="INFO">Typing text 'kissa' into text field 'username'.</msg>
<status status="PASS" starttime="20241118 15:48:21.931" endtime="20241118 15:48:23.494"/>
</kw>
<status status="PASS" starttime="20241118 15:48:21.931" endtime="20241118 15:48:23.494"/>
</kw>
<kw name="Set Password">
<arg>kissa123</arg>
<kw name="Input Password" library="SeleniumLibrary">
<arg>password</arg>
<arg>${password}</arg>
<doc>Types the given password into the text field identified by ``locator``.</doc>
<msg timestamp="20241118 15:48:23.496" level="INFO">Typing password into text field 'password'.</msg>
<msg timestamp="20241118 15:48:24.527" level="INFO">Temporally setting log level to: NONE</msg>
<msg timestamp="20241118 15:48:25.058" level="INFO">Log level changed from NONE to INFO.</msg>
<status status="PASS" starttime="20241118 15:48:23.495" endtime="20241118 15:48:25.058"/>
</kw>
<status status="PASS" starttime="20241118 15:48:23.495" endtime="20241118 15:48:25.058"/>
</kw>
<kw name="Set Password Confirmation">
<arg>kissa1234</arg>
<kw name="Input Password" library="SeleniumLibrary">
<arg>password_confirmation</arg>
<arg>${password}</arg>
<doc>Types the given password into the text field identified by ``locator``.</doc>
<msg timestamp="20241118 15:48:25.060" level="INFO">Typing password into text field 'password_confirmation'.</msg>
<msg timestamp="20241118 15:48:26.091" level="INFO">Temporally setting log level to: NONE</msg>
<msg timestamp="20241118 15:48:26.626" level="INFO">Log level changed from NONE to INFO.</msg>
<status status="PASS" starttime="20241118 15:48:25.059" endtime="20241118 15:48:26.627"/>
</kw>
<status status="PASS" starttime="20241118 15:48:25.059" endtime="20241118 15:48:26.627"/>
</kw>
<kw name="Submit Credentials">
<kw name="Click Button" library="SeleniumLibrary">
<arg>Register</arg>
<doc>Clicks the button identified by ``locator``.</doc>
<msg timestamp="20241118 15:48:26.629" level="INFO">Clicking button 'Register'.</msg>
<status status="PASS" starttime="20241118 15:48:26.628" endtime="20241118 15:48:28.695"/>
</kw>
<status status="PASS" starttime="20241118 15:48:26.627" endtime="20241118 15:48:28.696"/>
</kw>
<kw name="Register Should Fail With Message">
<arg>Password and confirmation must match</arg>
<kw name="Register Page Should Be Open" library="resource">
<kw name="Title Should Be" library="SeleniumLibrary">
<arg>Register</arg>
<doc>Verifies that the current page title equals ``title``.</doc>
<msg timestamp="20241118 15:48:29.205" level="INFO">Page title is 'Register'.</msg>
<status status="PASS" starttime="20241118 15:48:28.697" endtime="20241118 15:48:29.205"/>
</kw>
<status status="PASS" starttime="20241118 15:48:28.696" endtime="20241118 15:48:29.205"/>
</kw>
<kw name="Page Should Contain" library="SeleniumLibrary">
<arg>${message}</arg>
<doc>Verifies that current page contains ``text``.</doc>
<msg timestamp="20241118 15:48:30.227" level="INFO">Current page contains text 'Password and confirmation must match'.</msg>
<status status="PASS" starttime="20241118 15:48:29.205" endtime="20241118 15:48:30.228"/>
</kw>
<status status="PASS" starttime="20241118 15:48:28.696" endtime="20241118 15:48:30.228"/>
</kw>
<status status="PASS" starttime="20241118 15:48:21.389" endtime="20241118 15:48:30.228"/>
</test>
<test id="s1-t6" name="Register With Username That Is Already In Use" line="44">
<kw name="Reset Application Create User And Go To Register Page" type="SETUP">
<kw name="Reset Application" library="AppLibrary">
<status status="PASS" starttime="20241118 15:48:30.230" endtime="20241118 15:48:30.235"/>
</kw>
<kw name="Create User" library="AppLibrary">
<arg>kalle</arg>
<arg>kalle123</arg>
<status status="PASS" starttime="20241118 15:48:30.236" endtime="20241118 15:48:30.243"/>
</kw>
<kw name="Go To Register Page" library="resource">
<kw name="Go To" library="SeleniumLibrary">
<arg>${REGISTER_URL}</arg>
<doc>Navigates the current browser window to the provided ``url``.</doc>
<msg timestamp="20241118 15:48:30.243" level="INFO">Opening url 'http://localhost:5001/register'</msg>
<status status="PASS" starttime="20241118 15:48:30.243" endtime="20241118 15:48:30.759"/>
</kw>
<status status="PASS" starttime="20241118 15:48:30.243" endtime="20241118 15:48:30.760"/>
</kw>
<status status="PASS" starttime="20241118 15:48:30.229" endtime="20241118 15:48:30.760"/>
</kw>
<kw name="Set Username">
<arg>kalle</arg>
<kw name="Input Text" library="SeleniumLibrary">
<arg>username</arg>
<arg>${username}</arg>
<doc>Types the given ``text`` into the text field identified by ``locator``.</doc>
<msg timestamp="20241118 15:48:30.762" level="INFO">Typing text 'kalle' into text field 'username'.</msg>
<status status="PASS" starttime="20241118 15:48:30.761" endtime="20241118 15:48:32.329"/>
</kw>
<status status="PASS" starttime="20241118 15:48:30.760" endtime="20241118 15:48:32.330"/>
</kw>
<kw name="Set Password">
<arg>kalle1234</arg>
<kw name="Input Password" library="SeleniumLibrary">
<arg>password</arg>
<arg>${password}</arg>
<doc>Types the given password into the text field identified by ``locator``.</doc>
<msg timestamp="20241118 15:48:32.332" level="INFO">Typing password into text field 'password'.</msg>
<msg timestamp="20241118 15:48:33.365" level="INFO">Temporally setting log level to: NONE</msg>
<msg timestamp="20241118 15:48:33.899" level="INFO">Log level changed from NONE to INFO.</msg>
<status status="PASS" starttime="20241118 15:48:32.331" endtime="20241118 15:48:33.899"/>
</kw>
<status status="PASS" starttime="20241118 15:48:32.330" endtime="20241118 15:48:33.899"/>
</kw>
<kw name="Set Password Confirmation">
<arg>kalle1234</arg>
<kw name="Input Password" library="SeleniumLibrary">
<arg>password_confirmation</arg>
<arg>${password}</arg>
<doc>Types the given password into the text field identified by ``locator``.</doc>
<msg timestamp="20241118 15:48:33.901" level="INFO">Typing password into text field 'password_confirmation'.</msg>
<msg timestamp="20241118 15:48:34.940" level="INFO">Temporally setting log level to: NONE</msg>
<msg timestamp="20241118 15:48:35.472" level="INFO">Log level changed from NONE to INFO.</msg>
<status status="PASS" starttime="20241118 15:48:33.900" endtime="20241118 15:48:35.473"/>
</kw>
<status status="PASS" starttime="20241118 15:48:33.899" endtime="20241118 15:48:35.473"/>
</kw>
<kw name="Submit Credentials">
<kw name="Click Button" library="SeleniumLibrary">
<arg>Register</arg>
<doc>Clicks the button identified by ``locator``.</doc>
<msg timestamp="20241118 15:48:35.474" level="INFO">Clicking button 'Register'.</msg>
<status status="PASS" starttime="20241118 15:48:35.474" endtime="20241118 15:48:37.541"/>
</kw>
<status status="PASS" starttime="20241118 15:48:35.473" endtime="20241118 15:48:37.542"/>
</kw>
<kw name="Register Should Fail With Message">
<arg>Username already in use</arg>
<kw name="Register Page Should Be Open" library="resource">
<kw name="Title Should Be" library="SeleniumLibrary">
<arg>Register</arg>
<doc>Verifies that the current page title equals ``title``.</doc>
<msg timestamp="20241118 15:48:38.052" level="INFO">Page title is 'Register'.</msg>
<status status="PASS" starttime="20241118 15:48:37.543" endtime="20241118 15:48:38.052"/>
</kw>
<status status="PASS" starttime="20241118 15:48:37.543" endtime="20241118 15:48:38.052"/>
</kw>
<kw name="Page Should Contain" library="SeleniumLibrary">
<arg>${message}</arg>
<doc>Verifies that current page contains ``text``.</doc>
<msg timestamp="20241118 15:48:39.077" level="INFO">Current page contains text 'Username already in use'.</msg>
<status status="PASS" starttime="20241118 15:48:38.052" endtime="20241118 15:48:39.077"/>
</kw>
<status status="PASS" starttime="20241118 15:48:37.542" endtime="20241118 15:48:39.078"/>
</kw>
<status status="PASS" starttime="20241118 15:48:30.229" endtime="20241118 15:48:39.078"/>
</test>
<test id="s1-t7" name="Login After Successful Registration" line="51">
<kw name="Reset Application Create User And Go To Register Page" type="SETUP">
<kw name="Reset Application" library="AppLibrary">
<status status="PASS" starttime="20241118 15:48:39.080" endtime="20241118 15:48:39.084"/>
</kw>
<kw name="Create User" library="AppLibrary">
<arg>kalle</arg>
<arg>kalle123</arg>
<status status="PASS" starttime="20241118 15:48:39.085" endtime="20241118 15:48:39.089"/>
</kw>
<kw name="Go To Register Page" library="resource">
<kw name="Go To" library="SeleniumLibrary">
<arg>${REGISTER_URL}</arg>
<doc>Navigates the current browser window to the provided ``url``.</doc>
<msg timestamp="20241118 15:48:39.089" level="INFO">Opening url 'http://localhost:5001/register'</msg>
<status status="PASS" starttime="20241118 15:48:39.089" endtime="20241118 15:48:39.600"/>
</kw>
<status status="PASS" starttime="20241118 15:48:39.089" endtime="20241118 15:48:39.600"/>
</kw>
<status status="PASS" starttime="20241118 15:48:39.080" endtime="20241118 15:48:39.601"/>
</kw>
<kw name="Set Username">
<arg>kissa</arg>
<kw name="Input Text" library="SeleniumLibrary">
<arg>username</arg>
<arg>${username}</arg>
<doc>Types the given ``text`` into the text field identified by ``locator``.</doc>
<msg timestamp="20241118 15:48:39.603" level="INFO">Typing text 'kissa' into text field 'username'.</msg>
<status status="PASS" starttime="20241118 15:48:39.602" endtime="20241118 15:48:41.176"/>
</kw>
<status status="PASS" starttime="20241118 15:48:39.601" endtime="20241118 15:48:41.176"/>
</kw>
<kw name="Set Password">
<arg>kissa123</arg>
<kw name="Input Password" library="SeleniumLibrary">
<arg>password</arg>
<arg>${password}</arg>
<doc>Types the given password into the text field identified by ``locator``.</doc>
<msg timestamp="20241118 15:48:41.178" level="INFO">Typing password into text field 'password'.</msg>
<msg timestamp="20241118 15:48:42.202" level="INFO">Temporally setting log level to: NONE</msg>
<msg timestamp="20241118 15:48:42.735" level="INFO">Log level changed from NONE to INFO.</msg>
<status status="PASS" starttime="20241118 15:48:41.177" endtime="20241118 15:48:42.736"/>
</kw>
<status status="PASS" starttime="20241118 15:48:41.177" endtime="20241118 15:48:42.736"/>
</kw>
<kw name="Set Password Confirmation">
<arg>kissa123</arg>
<kw name="Input Password" library="SeleniumLibrary">
<arg>password_confirmation</arg>
<arg>${password}</arg>
<doc>Types the given password into the text field identified by ``locator``.</doc>
<msg timestamp="20241118 15:48:42.738" level="INFO">Typing password into text field 'password_confirmation'.</msg>
<msg timestamp="20241118 15:48:43.770" level="INFO">Temporally setting log level to: NONE</msg>
<msg timestamp="20241118 15:48:44.298" level="INFO">Log level changed from NONE to INFO.</msg>
<status status="PASS" starttime="20241118 15:48:42.737" endtime="20241118 15:48:44.299"/>
</kw>
<status status="PASS" starttime="20241118 15:48:42.736" endtime="20241118 15:48:44.299"/>
</kw>
<kw name="Submit Credentials">
<kw name="Click Button" library="SeleniumLibrary">
<arg>Register</arg>
<doc>Clicks the button identified by ``locator``.</doc>
<msg timestamp="20241118 15:48:44.301" level="INFO">Clicking button 'Register'.</msg>
<status status="PASS" starttime="20241118 15:48:44.300" endtime="20241118 15:48:46.364"/>
</kw>
<status status="PASS" starttime="20241118 15:48:44.299" endtime="20241118 15:48:46.364"/>
</kw>
<kw name="Register Should Succeed">
<kw name="Welcome Page Should Be Open" library="resource">
<kw name="Title Should Be" library="SeleniumLibrary">
<arg>Welcome to Ohtu Application!</arg>
<doc>Verifies that the current page title equals ``title``.</doc>
<msg timestamp="20241118 15:48:46.874" level="INFO">Page title is 'Welcome to Ohtu Application!'.</msg>
<status status="PASS" starttime="20241118 15:48:46.366" endtime="20241118 15:48:46.874"/>
</kw>
<status status="PASS" starttime="20241118 15:48:46.365" endtime="20241118 15:48:46.875"/>
</kw>
<status status="PASS" starttime="20241118 15:48:46.365" endtime="20241118 15:48:46.875"/>
</kw>
<kw name="Click Link" library="SeleniumLibrary">
<arg>Continue to main page</arg>
<doc>Clicks a link identified by ``locator``.</doc>
<msg timestamp="20241118 15:48:46.876" level="INFO">Clicking link 'Continue to main page'.</msg>
<status status="PASS" starttime="20241118 15:48:46.875" endtime="20241118 15:48:48.445"/>
</kw>
<kw name="Click Button" library="SeleniumLibrary">
<arg>Logout</arg>
<doc>Clicks the button identified by ``locator``.</doc>
<msg timestamp="20241118 15:48:48.446" level="INFO">Clicking button 'Logout'.</msg>
<status status="PASS" starttime="20241118 15:48:48.445" endtime="20241118 15:48:50.538"/>
</kw>
<kw name="Set Username">
<arg>kissa</arg>
<kw name="Input Text" library="SeleniumLibrary">
<arg>username</arg>
<arg>${username}</arg>
<doc>Types the given ``text`` into the text field identified by ``locator``.</doc>
<msg timestamp="20241118 15:48:50.540" level="INFO">Typing text 'kissa' into text field 'username'.</msg>
<status status="PASS" starttime="20241118 15:48:50.539" endtime="20241118 15:48:52.103"/>
</kw>
<status status="PASS" starttime="20241118 15:48:50.538" endtime="20241118 15:48:52.103"/>
</kw>
<kw name="Set Password">
<arg>kissa123</arg>
<kw name="Input Password" library="SeleniumLibrary">
<arg>password</arg>
<arg>${password}</arg>
<doc>Types the given password into the text field identified by ``locator``.</doc>
<msg timestamp="20241118 15:48:52.105" level="INFO">Typing password into text field 'password'.</msg>
<msg timestamp="20241118 15:48:53.141" level="INFO">Temporally setting log level to: NONE</msg>
<msg timestamp="20241118 15:48:53.673" level="INFO">Log level changed from NONE to INFO.</msg>
<status status="PASS" starttime="20241118 15:48:52.104" endtime="20241118 15:48:53.673"/>
</kw>
<status status="PASS" starttime="20241118 15:48:52.104" endtime="20241118 15:48:53.673"/>
</kw>
<kw name="Click Button" library="SeleniumLibrary">
<arg>Login</arg>
<doc>Clicks the button identified by ``locator``.</doc>
<msg timestamp="20241118 15:48:53.674" level="INFO">Clicking button 'Login'.</msg>
<status status="PASS" starttime="20241118 15:48:53.673" endtime="20241118 15:48:55.761"/>
</kw>
<kw name="Login Should Succeed">
<kw name="Main Page Should Be Open" library="resource">
<kw name="Title Should Be" library="SeleniumLibrary">
<arg>Ohtu Application main page</arg>
<doc>Verifies that the current page title equals ``title``.</doc>
<msg timestamp="20241118 15:48:56.271" level="INFO">Page title is 'Ohtu Application main page'.</msg>
<status status="PASS" starttime="20241118 15:48:55.763" endtime="20241118 15:48:56.271"/>
</kw>
<status status="PASS" starttime="20241118 15:48:55.762" endtime="20241118 15:48:56.271"/>
</kw>
<status status="PASS" starttime="20241118 15:48:55.762" endtime="20241118 15:48:56.271"/>
</kw>
<status status="PASS" starttime="20241118 15:48:39.079" endtime="20241118 15:48:56.272"/>
</test>
<test id="s1-t8" name="Login After Failed Registration" line="65">
<kw name="Reset Application Create User And Go To Register Page" type="SETUP">
<kw name="Reset Application" library="AppLibrary">
<status status="PASS" starttime="20241118 15:48:56.274" endtime="20241118 15:48:56.279"/>
</kw>
<kw name="Create User" library="AppLibrary">
<arg>kalle</arg>
<arg>kalle123</arg>
<status status="PASS" starttime="20241118 15:48:56.279" endtime="20241118 15:48:56.289"/>
</kw>
<kw name="Go To Register Page" library="resource">
<kw name="Go To" library="SeleniumLibrary">
<arg>${REGISTER_URL}</arg>
<doc>Navigates the current browser window to the provided ``url``.</doc>
<msg timestamp="20241118 15:48:56.291" level="INFO">Opening url 'http://localhost:5001/register'</msg>
<status status="PASS" starttime="20241118 15:48:56.291" endtime="20241118 15:48:56.815"/>
</kw>
<status status="PASS" starttime="20241118 15:48:56.290" endtime="20241118 15:48:56.815"/>
</kw>
<status status="PASS" starttime="20241118 15:48:56.273" endtime="20241118 15:48:56.816"/>
</kw>
<kw name="Set Username">
<arg>kissa</arg>
<kw name="Input Text" library="SeleniumLibrary">
<arg>username</arg>
<arg>${username}</arg>
<doc>Types the given ``text`` into the text field identified by ``locator``.</doc>
<msg timestamp="20241118 15:48:56.818" level="INFO">Typing text 'kissa' into text field 'username'.</msg>
<status status="PASS" starttime="20241118 15:48:56.817" endtime="20241118 15:48:58.383"/>
</kw>
<status status="PASS" starttime="20241118 15:48:56.816" endtime="20241118 15:48:58.383"/>
</kw>
<kw name="Set Password">
<arg>kissakissa</arg>
<kw name="Input Password" library="SeleniumLibrary">
<arg>password</arg>
<arg>${password}</arg>
<doc>Types the given password into the text field identified by ``locator``.</doc>
<msg timestamp="20241118 15:48:58.385" level="INFO">Typing password into text field 'password'.</msg>
<msg timestamp="20241118 15:48:59.420" level="INFO">Temporally setting log level to: NONE</msg>
<msg timestamp="20241118 15:48:59.956" level="INFO">Log level changed from NONE to INFO.</msg>
<status status="PASS" starttime="20241118 15:48:58.384" endtime="20241118 15:48:59.956"/>
</kw>
<status status="PASS" starttime="20241118 15:48:58.384" endtime="20241118 15:48:59.956"/>
</kw>
<kw name="Set Password Confirmation">
<arg>kissakissa</arg>
<kw name="Input Password" library="SeleniumLibrary">
<arg>password_confirmation</arg>
<arg>${password}</arg>
<doc>Types the given password into the text field identified by ``locator``.</doc>
<msg timestamp="20241118 15:48:59.958" level="INFO">Typing password into text field 'password_confirmation'.</msg>
<msg timestamp="20241118 15:49:00.996" level="INFO">Temporally setting log level to: NONE</msg>
<msg timestamp="20241118 15:49:01.532" level="INFO">Log level changed from NONE to INFO.</msg>
<status status="PASS" starttime="20241118 15:48:59.957" endtime="20241118 15:49:01.532"/>
</kw>
<status status="PASS" starttime="20241118 15:48:59.957" endtime="20241118 15:49:01.533"/>
</kw>
<kw name="Submit Credentials">
<kw name="Click Button" library="SeleniumLibrary">
<arg>Register</arg>
<doc>Clicks the button identified by ``locator``.</doc>
<msg timestamp="20241118 15:49:01.534" level="INFO">Clicking button 'Register'.</msg>
<status status="PASS" starttime="20241118 15:49:01.534" endtime="20241118 15:49:03.606"/>
</kw>
<status status="PASS" starttime="20241118 15:49:01.533" endtime="20241118 15:49:03.607"/>
</kw>
<kw name="Register Should Fail With Message">
<arg>Password must contain letters and numbers</arg>
<kw name="Register Page Should Be Open" library="resource">
<kw name="Title Should Be" library="SeleniumLibrary">
<arg>Register</arg>
<doc>Verifies that the current page title equals ``title``.</doc>
<msg timestamp="20241118 15:49:04.117" level="INFO">Page title is 'Register'.</msg>
<status status="PASS" starttime="20241118 15:49:03.608" endtime="20241118 15:49:04.117"/>
</kw>
<status status="PASS" starttime="20241118 15:49:03.608" endtime="20241118 15:49:04.117"/>
</kw>
<kw name="Page Should Contain" library="SeleniumLibrary">
<arg>${message}</arg>
<doc>Verifies that current page contains ``text``.</doc>
<msg timestamp="20241118 15:49:05.134" level="INFO">Current page contains text 'Password must contain letters and numbers'.</msg>
<status status="PASS" starttime="20241118 15:49:04.118" endtime="20241118 15:49:05.134"/>
</kw>
<status status="PASS" starttime="20241118 15:49:03.607" endtime="20241118 15:49:05.135"/>
</kw>
<kw name="Click Link" library="SeleniumLibrary">
<arg>Login</arg>
<doc>Clicks a link identified by ``locator``.</doc>
<msg timestamp="20241118 15:49:05.136" level="INFO">Clicking link 'Login'.</msg>
<status status="PASS" starttime="20241118 15:49:05.135" endtime="20241118 15:49:06.706"/>
</kw>
<kw name="Set Username">
<arg>kissa</arg>
<kw name="Input Text" library="SeleniumLibrary">
<arg>username</arg>
<arg>${username}</arg>
<doc>Types the given ``text`` into the text field identified by ``locator``.</doc>
<msg timestamp="20241118 15:49:06.708" level="INFO">Typing text 'kissa' into text field 'username'.</msg>
<status status="PASS" starttime="20241118 15:49:06.707" endtime="20241118 15:49:08.272"/>
</kw>
<status status="PASS" starttime="20241118 15:49:06.707" endtime="20241118 15:49:08.272"/>
</kw>
<kw name="Set Password">
<arg>kissakissa</arg>
<kw name="Input Password" library="SeleniumLibrary">
<arg>password</arg>
<arg>${password}</arg>
<doc>Types the given password into the text field identified by ``locator``.</doc>
<msg timestamp="20241118 15:49:08.273" level="INFO">Typing password into text field 'password'.</msg>
<msg timestamp="20241118 15:49:09.292" level="INFO">Temporally setting log level to: NONE</msg>
<msg timestamp="20241118 15:49:09.824" level="INFO">Log level changed from NONE to INFO.</msg>
<status status="PASS" starttime="20241118 15:49:08.273" endtime="20241118 15:49:09.824"/>
</kw>
<status status="PASS" starttime="20241118 15:49:08.272" endtime="20241118 15:49:09.824"/>
</kw>
<kw name="Click Button" library="SeleniumLibrary">
<arg>Login</arg>
<doc>Clicks the button identified by ``locator``.</doc>
<msg timestamp="20241118 15:49:09.825" level="INFO">Clicking button 'Login'.</msg>
<status status="PASS" starttime="20241118 15:49:09.824" endtime="20241118 15:49:11.887"/>
</kw>
<kw name="Login Should Fail With Message">
<arg>Invalid username or password</arg>
<kw name="Login Page Should Be Open" library="resource">
<kw name="Title Should Be" library="SeleniumLibrary">
<arg>Login</arg>
<doc>Verifies that the current page title equals ``title``.</doc>
<msg timestamp="20241118 15:49:12.398" level="INFO">Page title is 'Login'.</msg>
<status status="PASS" starttime="20241118 15:49:11.889" endtime="20241118 15:49:12.398"/>
</kw>
<status status="PASS" starttime="20241118 15:49:11.888" endtime="20241118 15:49:12.398"/>
</kw>
<kw name="Page Should Contain" library="SeleniumLibrary">
<arg>${message}</arg>
<doc>Verifies that current page contains ``text``.</doc>
<msg timestamp="20241118 15:49:13.425" level="INFO">Current page contains text 'Invalid username or password'.</msg>
<status status="PASS" starttime="20241118 15:49:12.399" endtime="20241118 15:49:13.425"/>
</kw>
<status status="PASS" starttime="20241118 15:49:11.888" endtime="20241118 15:49:13.426"/>
</kw>
<status status="PASS" starttime="20241118 15:48:56.273" endtime="20241118 15:49:13.426"/>
</test>
<kw name="Close Browser" library="SeleniumLibrary" type="TEARDOWN">
<doc>Closes the current browser.</doc>
<status status="PASS" starttime="20241118 15:49:13.428" endtime="20241118 15:49:13.986"/>
</kw>
<status status="PASS" starttime="20241118 15:47:46.434" endtime="20241118 15:49:13.987"/>
</suite>
<statistics>
<total>
<stat pass="8" fail="0" skip="0">All Tests</stat>
</total>
<tag>
</tag>
<suite>
<stat pass="8" fail="0" skip="0" id="s1" name="Register">Register</stat>
</suite>
</statistics>
<errors>
<msg timestamp="20241118 15:47:46.632" level="WARN">The chromedriver version (130.0.6723.91) detected in PATH at /usr/bin/chromedriver might not be compatible with the detected chrome version (131.0.6778.69); currently, chromedriver 131.0.6778.69 is recommended for chrome 131.*, so it is advised to delete the driver in PATH and retry</msg>
</errors>
</robot>
