<?xml version="1.0" encoding="UTF-8"?>
<robot generator="Robot 6.1.1 (Python 3.10.12 on linux)" generated="20241115 15:48:41.656" rpa="false" schemaversion="4">
<suite id="s1" name="Tests" source="/home/sansilla/palautusrepositorio/viikko3/web-login/src/tests">
<suite id="s1-s1" name="Home" source="/home/sansilla/palautusrepositorio/viikko3/web-login/src/tests/home.robot">
<kw name="Open And Configure Browser" library="resource" type="SETUP">
<if>
<branch type="IF" condition="$BROWSER == 'chrome'">
<kw name="Evaluate" library="BuiltIn">
<var>${options}</var>
<arg>sys.modules['selenium.webdriver'].ChromeOptions()</arg>
<arg>sys</arg>
<doc>Evaluates the given expression in Python and returns the result.</doc>
<msg timestamp="20241115 15:48:41.882" level="INFO">${options} = &lt;selenium.webdriver.chrome.options.Options object at 0x7ea76c5c7d60&gt;</msg>
<status status="PASS" starttime="20241115 15:48:41.881" endtime="20241115 15:48:41.882"/>
</kw>
<status status="PASS" starttime="20241115 15:48:41.864" endtime="20241115 15:48:41.882"/>
</branch>
<branch type="ELSE IF" condition="$BROWSER == 'firefox'">
<kw name="Evaluate" library="BuiltIn">
<var>${options}</var>
<arg>sys.modules['selenium.webdriver'].FirefoxOptions()</arg>
<arg>sys</arg>
<doc>Evaluates the given expression in Python and returns the result.</doc>
<status status="NOT RUN" starttime="20241115 15:48:41.882" endtime="20241115 15:48:41.882"/>
</kw>
<status status="NOT RUN" starttime="20241115 15:48:41.882" endtime="20241115 15:48:41.882"/>
</branch>
<status status="PASS" starttime="20241115 15:48:41.864" endtime="20241115 15:48:41.882"/>
</if>
<if>
<branch type="IF" condition="$HEADLESS == 'true'">
<kw name="Set Selenium Speed" library="SeleniumLibrary">
<arg>0</arg>
<doc>Sets the delay that is waited after each Selenium command.</doc>
<status status="NOT RUN" starttime="20241115 15:48:41.882" endtime="20241115 15:48:41.882"/>
</kw>
<kw name="Call Method" library="BuiltIn">
<arg>${options}</arg>
<arg>add_argument</arg>
<arg>--headless</arg>
<doc>Calls the named method of the given object with the provided arguments.</doc>
<status status="NOT RUN" starttime="20241115 15:48:41.882" endtime="20241115 15:48:41.882"/>
</kw>
<status status="NOT RUN" starttime="20241115 15:48:41.882" endtime="20241115 15:48:41.882"/>
</branch>
<branch type="ELSE">
<kw name="Set Selenium Speed" library="SeleniumLibrary">
<arg>${DELAY}</arg>
<doc>Sets the delay that is waited after each Selenium command.</doc>
<status status="PASS" starttime="20241115 15:48:41.882" endtime="20241115 15:48:41.883"/>
</kw>
<status status="PASS" starttime="20241115 15:48:41.882" endtime="20241115 15:48:41.883"/>
</branch>
<status status="PASS" starttime="20241115 15:48:41.882" endtime="20241115 15:48:41.883"/>
</if>
<kw name="Open Browser" library="SeleniumLibrary">
<arg>browser=${BROWSER}</arg>
<arg>options=${options}</arg>
<doc>Opens a new browser instance to the optional ``url``.</doc>
<msg timestamp="20241115 15:48:41.883" level="INFO">Opening browser 'chrome' to base url 'None'.</msg>
<msg timestamp="20241115 15:48:41.929" level="WARN">The chromedriver version (130.0.6723.91) detected in PATH at /usr/bin/chromedriver might not be compatible with the detected chrome version (131.0.6778.69); currently, chromedriver 131.0.6778.69 is recommended for chrome 131.*, so it is advised to delete the driver in PATH and retry</msg>
<status status="PASS" starttime="20241115 15:48:41.883" endtime="20241115 15:48:42.385"/>
</kw>
<status status="PASS" starttime="20241115 15:48:41.863" endtime="20241115 15:48:42.385"/>
</kw>
<test id="s1-s1-t1" name="Click Login Link" line="17">
<kw name="Reset Application And Go To Starting Page" type="SETUP">
<kw name="Reset Application" library="AppLibrary">
<status status="PASS" starttime="20241115 15:48:42.387" endtime="20241115 15:48:42.392"/>
</kw>
<kw name="Go To" library="SeleniumLibrary">
<arg>${HOME_URL}</arg>
<doc>Navigates the current browser window to the provided ``url``.</doc>
<msg timestamp="20241115 15:48:42.392" level="INFO">Opening url 'http://localhost:5001'</msg>
<status status="PASS" starttime="20241115 15:48:42.392" endtime="20241115 15:48:42.941"/>
</kw>
<status status="PASS" starttime="20241115 15:48:42.387" endtime="20241115 15:48:42.941"/>
</kw>
<kw name="Click Link" library="SeleniumLibrary">
<arg>Login</arg>
<doc>Clicks a link identified by ``locator``.</doc>
<msg timestamp="20241115 15:48:42.943" level="INFO">Clicking link 'Login'.</msg>
<status status="PASS" starttime="20241115 15:48:42.942" endtime="20241115 15:48:44.536"/>
</kw>
<kw name="Login Page Should Be Open" library="resource">
<kw name="Title Should Be" library="SeleniumLibrary">
<arg>Login</arg>
<doc>Verifies that the current page title equals ``title``.</doc>
<msg timestamp="20241115 15:48:45.046" level="INFO">Page title is 'Login'.</msg>
<status status="PASS" starttime="20241115 15:48:44.537" endtime="20241115 15:48:45.046"/>
</kw>
<status status="PASS" starttime="20241115 15:48:44.536" endtime="20241115 15:48:45.047"/>
</kw>
<status status="PASS" starttime="20241115 15:48:42.386" endtime="20241115 15:48:45.047"/>
</test>
<test id="s1-s1-t2" name="Click Register Link" line="21">
<kw name="Reset Application And Go To Starting Page" type="SETUP">
<kw name="Reset Application" library="AppLibrary">
<status status="PASS" starttime="20241115 15:48:45.049" endtime="20241115 15:48:45.056"/>
</kw>
<kw name="Go To" library="SeleniumLibrary">
<arg>${HOME_URL}</arg>
<doc>Navigates the current browser window to the provided ``url``.</doc>
<msg timestamp="20241115 15:48:45.057" level="INFO">Opening url 'http://localhost:5001'</msg>
<status status="PASS" starttime="20241115 15:48:45.056" endtime="20241115 15:48:45.594"/>
</kw>
<status status="PASS" starttime="20241115 15:48:45.049" endtime="20241115 15:48:45.594"/>
</kw>
<kw name="Click Link" library="SeleniumLibrary">
<arg>Register new user</arg>
<doc>Clicks a link identified by ``locator``.</doc>
<msg timestamp="20241115 15:48:45.596" level="INFO">Clicking link 'Register new user'.</msg>
<status status="PASS" starttime="20241115 15:48:45.595" endtime="20241115 15:48:47.176"/>
</kw>
<kw name="Register Page Should Be Open">
<kw name="Title Should Be" library="SeleniumLibrary">
<arg>Register</arg>
<doc>Verifies that the current page title equals ``title``.</doc>
<msg timestamp="20241115 15:48:47.685" level="INFO">Page title is 'Register'.</msg>
<status status="PASS" starttime="20241115 15:48:47.177" endtime="20241115 15:48:47.685"/>
</kw>
<status status="PASS" starttime="20241115 15:48:47.176" endtime="20241115 15:48:47.685"/>
</kw>
<status status="PASS" starttime="20241115 15:48:45.048" endtime="20241115 15:48:47.686"/>
</test>
<kw name="Close Browser" library="SeleniumLibrary" type="TEARDOWN">
<doc>Closes the current browser.</doc>
<status status="PASS" starttime="20241115 15:48:47.687" endtime="20241115 15:48:48.249"/>
</kw>
<status status="PASS" starttime="20241115 15:48:41.671" endtime="20241115 15:48:48.249"/>
</suite>
<suite id="s1-s2" name="Login" source="/home/sansilla/palautusrepositorio/viikko3/web-login/src/tests/login.robot">
<kw name="Open And Configure Browser" library="resource" type="SETUP">
<if>
<branch type="IF" condition="$BROWSER == 'chrome'">
<kw name="Evaluate" library="BuiltIn">
<var>${options}</var>
<arg>sys.modules['selenium.webdriver'].ChromeOptions()</arg>
<arg>sys</arg>
<doc>Evaluates the given expression in Python and returns the result.</doc>
<msg timestamp="20241115 15:48:48.258" level="INFO">${options} = &lt;selenium.webdriver.chrome.options.Options object at 0x7ea76bcb8700&gt;</msg>
<status status="PASS" starttime="20241115 15:48:48.258" endtime="20241115 15:48:48.258"/>
</kw>
<status status="PASS" starttime="20241115 15:48:48.257" endtime="20241115 15:48:48.258"/>
</branch>
<branch type="ELSE IF" condition="$BROWSER == 'firefox'">
<kw name="Evaluate" library="BuiltIn">
<var>${options}</var>
<arg>sys.modules['selenium.webdriver'].FirefoxOptions()</arg>
<arg>sys</arg>
<doc>Evaluates the given expression in Python and returns the result.</doc>
<status status="NOT RUN" starttime="20241115 15:48:48.259" endtime="20241115 15:48:48.259"/>
</kw>
<status status="NOT RUN" starttime="20241115 15:48:48.259" endtime="20241115 15:48:48.259"/>
</branch>
<status status="PASS" starttime="20241115 15:48:48.257" endtime="20241115 15:48:48.259"/>
</if>
<if>
<branch type="IF" condition="$HEADLESS == 'true'">
<kw name="Set Selenium Speed" library="SeleniumLibrary">
<arg>0</arg>
<doc>Sets the delay that is waited after each Selenium command.</doc>
<status status="NOT RUN" starttime="20241115 15:48:48.260" endtime="20241115 15:48:48.260"/>
</kw>
<kw name="Call Method" library="BuiltIn">
<arg>${options}</arg>
<arg>add_argument</arg>
<arg>--headless</arg>
<doc>Calls the named method of the given object with the provided arguments.</doc>
<status status="NOT RUN" starttime="20241115 15:48:48.260" endtime="20241115 15:48:48.260"/>
</kw>
<status status="NOT RUN" starttime="20241115 15:48:48.259" endtime="20241115 15:48:48.260"/>
</branch>
<branch type="ELSE">
<kw name="Set Selenium Speed" library="SeleniumLibrary">
<arg>${DELAY}</arg>
<doc>Sets the delay that is waited after each Selenium command.</doc>
<status status="PASS" starttime="20241115 15:48:48.260" endtime="20241115 15:48:48.261"/>
</kw>
<status status="PASS" starttime="20241115 15:48:48.260" endtime="20241115 15:48:48.261"/>
</branch>
<status status="PASS" starttime="20241115 15:48:48.259" endtime="20241115 15:48:48.261"/>
</if>
<kw name="Open Browser" library="SeleniumLibrary">
<arg>browser=${BROWSER}</arg>
<arg>options=${options}</arg>
<doc>Opens a new browser instance to the optional ``url``.</doc>
<msg timestamp="20241115 15:48:48.262" level="INFO">Opening browser 'chrome' to base url 'None'.</msg>
<msg timestamp="20241115 15:48:48.338" level="WARN">The chromedriver version (130.0.6723.91) detected in PATH at /usr/bin/chromedriver might not be compatible with the detected chrome version (131.0.6778.69); currently, chromedriver 131.0.6778.69 is recommended for chrome 131.*, so it is advised to delete the driver in PATH and retry</msg>
<status status="PASS" starttime="20241115 15:48:48.261" endtime="20241115 15:48:48.832"/>
</kw>
<status status="PASS" starttime="20241115 15:48:48.257" endtime="20241115 15:48:48.832"/>
</kw>
<test id="s1-s2-t1" name="Login With Correct Credentials" line="8">
<kw name="Reset Application Create User And Go To Login Page" type="SETUP">
<kw name="Reset Application" library="AppLibrary">
<status status="PASS" starttime="20241115 15:48:48.833" endtime="20241115 15:48:48.837"/>
</kw>
<kw name="Create User" library="AppLibrary">
<arg>kalle</arg>
<arg>kalle123</arg>
<status status="PASS" starttime="20241115 15:48:48.837" endtime="20241115 15:48:48.849"/>
</kw>
<kw name="Go To Login Page" library="resource">
<kw name="Go To" library="SeleniumLibrary">
<arg>${LOGIN_URL}</arg>
<doc>Navigates the current browser window to the provided ``url``.</doc>
<msg timestamp="20241115 15:48:48.850" level="INFO">Opening url 'http://localhost:5001/login'</msg>
<status status="PASS" starttime="20241115 15:48:48.850" endtime="20241115 15:48:49.381"/>
</kw>
<status status="PASS" starttime="20241115 15:48:48.849" endtime="20241115 15:48:49.382"/>
</kw>
<status status="PASS" starttime="20241115 15:48:48.833" endtime="20241115 15:48:49.382"/>
</kw>
<kw name="Set Username">
<arg>kalle</arg>
<kw name="Input Text" library="SeleniumLibrary">
<arg>username</arg>
<arg>${username}</arg>
<doc>Types the given ``text`` into the text field identified by ``locator``.</doc>
<msg timestamp="20241115 15:48:49.384" level="INFO">Typing text 'kalle' into text field 'username'.</msg>
<status status="PASS" starttime="20241115 15:48:49.383" endtime="20241115 15:48:50.997"/>
</kw>
<status status="PASS" starttime="20241115 15:48:49.382" endtime="20241115 15:48:50.997"/>
</kw>
<kw name="Set Password">
<arg>kalle123</arg>
<kw name="Input Password" library="SeleniumLibrary">
<arg>password</arg>
<arg>${password}</arg>
<doc>Types the given password into the text field identified by ``locator``.</doc>
<msg timestamp="20241115 15:48:51.000" level="INFO">Typing password into text field 'password'.</msg>
<msg timestamp="20241115 15:48:52.033" level="INFO">Temporally setting log level to: NONE</msg>
<msg timestamp="20241115 15:48:52.569" level="INFO">Log level changed from NONE to INFO.</msg>
<status status="PASS" starttime="20241115 15:48:50.999" endtime="20241115 15:48:52.569"/>
</kw>
<status status="PASS" starttime="20241115 15:48:50.998" endtime="20241115 15:48:52.570"/>
</kw>
<kw name="Submit Credentials">
<kw name="Click Button" library="SeleniumLibrary">
<arg>Login</arg>
<doc>Clicks the button identified by ``locator``.</doc>
<msg timestamp="20241115 15:48:52.571" level="INFO">Clicking button 'Login'.</msg>
<status status="PASS" starttime="20241115 15:48:52.570" endtime="20241115 15:48:54.667"/>
</kw>
<status status="PASS" starttime="20241115 15:48:52.570" endtime="20241115 15:48:54.667"/>
</kw>
<kw name="Login Should Succeed">
<kw name="Main Page Should Be Open" library="resource">
<kw name="Title Should Be" library="SeleniumLibrary">
<arg>Ohtu Application main page</arg>
<doc>Verifies that the current page title equals ``title``.</doc>
<msg timestamp="20241115 15:48:55.179" level="INFO">Page title is 'Ohtu Application main page'.</msg>
<status status="PASS" starttime="20241115 15:48:54.669" endtime="20241115 15:48:55.179"/>
</kw>
<status status="PASS" starttime="20241115 15:48:54.668" endtime="20241115 15:48:55.179"/>
</kw>
<status status="PASS" starttime="20241115 15:48:54.668" endtime="20241115 15:48:55.180"/>
</kw>
<status status="PASS" starttime="20241115 15:48:48.832" endtime="20241115 15:48:55.180"/>
</test>
<test id="s1-s2-t2" name="Login With Incorrect Password" line="14">
<kw name="Reset Application Create User And Go To Login Page" type="SETUP">
<kw name="Reset Application" library="AppLibrary">
<status status="PASS" starttime="20241115 15:48:55.182" endtime="20241115 15:48:55.187"/>
</kw>
<kw name="Create User" library="AppLibrary">
<arg>kalle</arg>
<arg>kalle123</arg>
<status status="PASS" starttime="20241115 15:48:55.187" endtime="20241115 15:48:55.201"/>
</kw>
<kw name="Go To Login Page" library="resource">
<kw name="Go To" library="SeleniumLibrary">
<arg>${LOGIN_URL}</arg>
<doc>Navigates the current browser window to the provided ``url``.</doc>
<msg timestamp="20241115 15:48:55.202" level="INFO">Opening url 'http://localhost:5001/login'</msg>
<status status="PASS" starttime="20241115 15:48:55.202" endtime="20241115 15:48:55.737"/>
</kw>
<status status="PASS" starttime="20241115 15:48:55.201" endtime="20241115 15:48:55.737"/>
</kw>
<status status="PASS" starttime="20241115 15:48:55.181" endtime="20241115 15:48:55.737"/>
</kw>
<kw name="Set Username">
<arg>kalle</arg>
<kw name="Input Text" library="SeleniumLibrary">
<arg>username</arg>
<arg>${username}</arg>
<doc>Types the given ``text`` into the text field identified by ``locator``.</doc>
<msg timestamp="20241115 15:48:55.739" level="INFO">Typing text 'kalle' into text field 'username'.</msg>
<status status="PASS" starttime="20241115 15:48:55.738" endtime="20241115 15:48:57.304"/>
</kw>
<status status="PASS" starttime="20241115 15:48:55.737" endtime="20241115 15:48:57.305"/>
</kw>
<kw name="Set Password">
<arg>kalle456</arg>
<kw name="Input Password" library="SeleniumLibrary">
<arg>password</arg>
<arg>${password}</arg>
<doc>Types the given password into the text field identified by ``locator``.</doc>
<msg timestamp="20241115 15:48:57.307" level="INFO">Typing password into text field 'password'.</msg>
<msg timestamp="20241115 15:48:58.342" level="INFO">Temporally setting log level to: NONE</msg>
<msg timestamp="20241115 15:48:58.880" level="INFO">Log level changed from NONE to INFO.</msg>
<status status="PASS" starttime="20241115 15:48:57.306" endtime="20241115 15:48:58.880"/>
</kw>
<status status="PASS" starttime="20241115 15:48:57.305" endtime="20241115 15:48:58.880"/>
</kw>
<kw name="Submit Credentials">
<kw name="Click Button" library="SeleniumLibrary">
<arg>Login</arg>
<doc>Clicks the button identified by ``locator``.</doc>
<msg timestamp="20241115 15:48:58.882" level="INFO">Clicking button 'Login'.</msg>
<status status="PASS" starttime="20241115 15:48:58.881" endtime="20241115 15:49:00.964"/>
</kw>
<status status="PASS" starttime="20241115 15:48:58.881" endtime="20241115 15:49:00.965"/>
</kw>
<kw name="Login Should Fail With Message">
<arg>Invalid username or password</arg>
<kw name="Login Page Should Be Open" library="resource">
<kw name="Title Should Be" library="SeleniumLibrary">
<arg>Login</arg>
<doc>Verifies that the current page title equals ``title``.</doc>
<msg timestamp="20241115 15:49:01.475" level="INFO">Page title is 'Login'.</msg>
<status status="PASS" starttime="20241115 15:49:00.966" endtime="20241115 15:49:01.475"/>
</kw>
<status status="PASS" starttime="20241115 15:49:00.966" endtime="20241115 15:49:01.475"/>
</kw>
<kw name="Page Should Contain" library="SeleniumLibrary">
<arg>${message}</arg>
<doc>Verifies that current page contains ``text``.</doc>
<msg timestamp="20241115 15:49:02.494" level="INFO">Current page contains text 'Invalid username or password'.</msg>
<status status="PASS" starttime="20241115 15:49:01.475" endtime="20241115 15:49:02.494"/>
</kw>
<status status="PASS" starttime="20241115 15:49:00.965" endtime="20241115 15:49:02.495"/>
</kw>
<status status="PASS" starttime="20241115 15:48:55.181" endtime="20241115 15:49:02.495"/>
</test>
<kw name="Close Browser" library="SeleniumLibrary" type="TEARDOWN">
<doc>Closes the current browser.</doc>
<status status="PASS" starttime="20241115 15:49:02.496" endtime="20241115 15:49:03.054"/>
</kw>
<status status="PASS" starttime="20241115 15:48:48.251" endtime="20241115 15:49:03.054"/>
</suite>
<status status="PASS" starttime="20241115 15:48:41.657" endtime="20241115 15:49:03.056"/>
</suite>
<statistics>
<total>
<stat pass="4" fail="0" skip="0">All Tests</stat>
</total>
<tag>
</tag>
<suite>
<stat pass="4" fail="0" skip="0" id="s1" name="Tests">Tests</stat>
<stat pass="2" fail="0" skip="0" id="s1-s1" name="Home">Tests.Home</stat>
<stat pass="2" fail="0" skip="0" id="s1-s2" name="Login">Tests.Login</stat>
</suite>
</statistics>
<errors>
<msg timestamp="20241115 15:48:41.929" level="WARN">The chromedriver version (130.0.6723.91) detected in PATH at /usr/bin/chromedriver might not be compatible with the detected chrome version (131.0.6778.69); currently, chromedriver 131.0.6778.69 is recommended for chrome 131.*, so it is advised to delete the driver in PATH and retry</msg>
<msg timestamp="20241115 15:48:48.338" level="WARN">The chromedriver version (130.0.6723.91) detected in PATH at /usr/bin/chromedriver might not be compatible with the detected chrome version (131.0.6778.69); currently, chromedriver 131.0.6778.69 is recommended for chrome 131.*, so it is advised to delete the driver in PATH and retry</msg>
</errors>
</robot>
